<?xml version="1.0" encoding="UTF-8"?>
<!-- Generated by org.testng.reporters.JUnitXMLReporter -->
<testsuite hostname="TWFG-KS-Laptop" ignored="1" name="IETest" tests="3" failures="1" timestamp="05 Oct 2017 18:58:04 GMT" time="11.089" errors="0">
  <testcase name="Logintoapp" time="0.986" classname="com.openmrs.Testcase1">
    <failure type="java.lang.RuntimeException" message="Unexpected result for screenshot command: null">
      <![CDATA[java.lang.RuntimeException: Unexpected result for screenshot command: null
	at org.openqa.selenium.remote.RemoteWebDriver.getScreenshotAs(RemoteWebDriver.java:391)
	at com.openmrs.Testcase1.captureScreenshot(Testcase1.java:541)
	at com.openmrs.Testcase1.login(Testcase1.java:87)
	at com.openmrs.Testcase1.Logintoapp(Testcase1.java:479)
... Removed 25 stack frames]]>
    </failure>
  </testcase> <!-- Logintoapp -->
  <testcase name="RegisterPatient" time="0.0" classname="com.openmrs.Testcase1">
    <skipped/>
  </testcase> <!-- RegisterPatient -->
  <testcase name="viewPatientDetails" time="0.0" classname="com.openmrs.Testcase1">
    <skipped/>
  </testcase> <!-- viewPatientDetails -->
  <testcase name="editPatient" time="0.0" classname="com.openmrs.Testcase1">
    <ignored/>
  </testcase> <!-- editPatient -->
</testsuite> <!-- IETest -->
