<?xml version="1.0" encoding="UTF-8"?>
<!-- Generated by org.testng.reporters.JUnitXMLReporter -->
<testsuite hostname="TWFG-KS-Laptop" ignored="2" name="Default test" tests="2" failures="1" timestamp="05 Oct 2017 13:36:24 GMT" time="0.085" errors="0">
  <testcase name="@BeforeClass setup" time="0.0" classname="com.openmrs.Testcase1">
    <failure type="org.testng.TestNGException" message="
Parameter &amp;apos;browser&amp;apos; is required by BeforeClass on method setup but has not been marked @Optional or defined
in C:\Users\ksasidharan\AppData\Local\Temp\testng-eclipse-1338366196\testng-customsuite.xml">
      <![CDATA[org.testng.TestNGException: 
Parameter 'browser' is required by BeforeClass on method setup but has not been marked @Optional or defined
in C:\Users\ksasidharan\AppData\Local\Temp\testng-eclipse-1338366196\testng-customsuite.xml
	at org.testng.internal.Parameters.createParameters(Parameters.java:199)
	at org.testng.internal.Parameters.createParameters(Parameters.java:443)
	at org.testng.internal.Parameters.createConfigurationParameters(Parameters.java:118)
	at org.testng.internal.Invoker.invokeConfigurations(Invoker.java:203)
	at org.testng.internal.Invoker.invokeConfigurations(Invoker.java:144)
	at org.testng.internal.TestMethodWorker.invokeBeforeClassMethods(TestMethodWorker.java:169)
	at org.testng.internal.TestMethodWorker.run(TestMethodWorker.java:108)
	at org.testng.TestRunner.privateRun(TestRunner.java:756)
	at org.testng.TestRunner.run(TestRunner.java:610)
	at org.testng.SuiteRunner.runTest(SuiteRunner.java:387)
	at org.testng.SuiteRunner.runSequentially(SuiteRunner.java:382)
	at org.testng.SuiteRunner.privateRun(SuiteRunner.java:340)
	at org.testng.SuiteRunner.run(SuiteRunner.java:289)
	at org.testng.SuiteRunnerWorker.runSuite(SuiteRunnerWorker.java:52)
	at org.testng.SuiteRunnerWorker.run(SuiteRunnerWorker.java:86)
	at org.testng.TestNG.runSuitesSequentially(TestNG.java:1293)
	at org.testng.TestNG.runSuitesLocally(TestNG.java:1218)
	at org.testng.TestNG.runSuites(TestNG.java:1133)
	at org.testng.TestNG.run(TestNG.java:1104)
	at org.testng.remote.AbstractRemoteTestNG.run(AbstractRemoteTestNG.java:132)
	at org.testng.remote.RemoteTestNG.initAndRun(RemoteTestNG.java:230)
	at org.testng.remote.RemoteTestNG.main(RemoteTestNG.java:76)
]]>
    </failure>
  </testcase> <!-- @BeforeClass setup -->
  <testcase name="@AfterClass closeBrowser" time="0.0" classname="com.openmrs.Testcase1">
    <skipped/>
  </testcase> <!-- @AfterClass closeBrowser -->
  <testcase name="Logintoapp" time="0.0" classname="com.openmrs.Testcase1">
    <failure type="org.testng.TestNGException" message="
Parameter &amp;apos;username&amp;apos; is required by @Test on method Logintoapp but has not been marked @Optional or defined
in C:\Users\ksasidharan\AppData\Local\Temp\testng-eclipse-1338366196\testng-customsuite.xml">
      <![CDATA[org.testng.TestNGException: 
Parameter 'username' is required by @Test on method Logintoapp but has not been marked @Optional or defined
in C:\Users\ksasidharan\AppData\Local\Temp\testng-eclipse-1338366196\testng-customsuite.xml
	at org.testng.internal.Parameters.createParameters(Parameters.java:199)
	at org.testng.internal.Parameters.createParameters(Parameters.java:443)
	at org.testng.internal.Parameters.handleParameters(Parameters.java:568)
	at org.testng.internal.Invoker.handleParameters(Invoker.java:1293)
	at org.testng.internal.Invoker.createParameters(Invoker.java:1020)
	at org.testng.internal.Invoker.invokeTestMethods(Invoker.java:1110)
	at org.testng.internal.TestMethodWorker.invokeTestMethods(TestMethodWorker.java:129)
	at org.testng.internal.TestMethodWorker.run(TestMethodWorker.java:112)
	at org.testng.TestRunner.privateRun(TestRunner.java:756)
	at org.testng.TestRunner.run(TestRunner.java:610)
	at org.testng.SuiteRunner.runTest(SuiteRunner.java:387)
	at org.testng.SuiteRunner.runSequentially(SuiteRunner.java:382)
	at org.testng.SuiteRunner.privateRun(SuiteRunner.java:340)
	at org.testng.SuiteRunner.run(SuiteRunner.java:289)
	at org.testng.SuiteRunnerWorker.runSuite(SuiteRunnerWorker.java:52)
	at org.testng.SuiteRunnerWorker.run(SuiteRunnerWorker.java:86)
	at org.testng.TestNG.runSuitesSequentially(TestNG.java:1293)
	at org.testng.TestNG.runSuitesLocally(TestNG.java:1218)
	at org.testng.TestNG.runSuites(TestNG.java:1133)
	at org.testng.TestNG.run(TestNG.java:1104)
	at org.testng.remote.AbstractRemoteTestNG.run(AbstractRemoteTestNG.java:132)
	at org.testng.remote.RemoteTestNG.initAndRun(RemoteTestNG.java:230)
	at org.testng.remote.RemoteTestNG.main(RemoteTestNG.java:76)
]]>
    </failure>
  </testcase> <!-- Logintoapp -->
  <testcase name="viewPatientDetails" time="0.0" classname="com.openmrs.Testcase1">
    <skipped/>
  </testcase> <!-- viewPatientDetails -->
  <testcase name="RegisterPatient" time="0.0" classname="com.openmrs.Testcase1">
    <ignored/>
  </testcase> <!-- RegisterPatient -->
  <testcase name="editPatient" time="0.0" classname="com.openmrs.Testcase1">
    <ignored/>
  </testcase> <!-- editPatient -->
</testsuite> <!-- Default test -->
